<?xml version="1.0" encoding="UTF-8"?>
<!-- Generated by org.testng.reporters.JUnitReportReporter -->
<testsuite skipped="0" hostname="DESKTOP-31NDUPP" name="oraganisation.CreateOrgTest" tests="1" failures="0" timestamp="2021-12-30T18:03:16 IST" time="0.000" errors="0">
  <testcase name="createOrg" time="0.000" classname="oraganisation.CreateOrgTest"/>
  <system-out/>
</testsuite> <!-- oraganisation.CreateOrgTest -->
