<?xml version="1.0" encoding="UTF-8"?>
<!-- Generated by org.testng.reporters.JUnitReportReporter -->
<testsuite skipped="0" hostname="DESKTOP-31NDUPP" name="contact.CreateContactTest" tests="1" failures="0" timestamp="2021-12-30T18:03:16 IST" time="0.016" errors="0">
  <testcase name="createContactTest" time="0.016" classname="contact.CreateContactTest"/>
  <system-out/>
</testsuite> <!-- contact.CreateContactTest -->
